# JRE version: OpenJDK Runtime Environment (11.0.13) (build 11.0.13+0-b1751.21-8125866)
# Java VM: OpenJDK 64-Bit Server VM (11.0.13+0-b1751.21-8125866, mixed mode, tiered, compressed oops, g1 gc, windows-amd64)
Heap:
 garbage-first heap   total 251904K, used 207789K [0x0000000080000000, 0x0000000100000000)
  region size 1024K, 10 young (10240K), 1 survivors (1024K)
 Metaspace       used 135124K, capacity 139361K, committed 139644K, reserved 1171456K
  class space    used 16807K, capacity 18314K, committed 18380K, reserved 1048576K
GC Heap History (20 events):
Event: 930.115 GC heap before
{Heap before GC invocations=56 (full 0):
 garbage-first heap   total 251904K, used 212367K [0x0000000080000000, 0x0000000100000000)
  region size 1024K, 32 young (32768K), 4 survivors (4096K)
 Metaspace       used 127049K, capacity 131043K, committed 131452K, reserved 1163264K
  class space    used 15830K, capacity 17189K, committed 17356K, reserved 1048576K
}
Event: 930.119 GC heap after
{Heap after GC invocations=57 (full 0):
 garbage-first heap   total 251904K, used 185543K [0x0000000080000000, 0x0000000100000000)
  region size 1024K, 1 young (1024K), 1 survivors (1024K)
 Metaspace       used 127049K, capacity 131043K, committed 131452K, reserved 1163264K
  class space    used 15830K, capacity 17189K, committed 17356K, reserved 1048576K
}
Event: 930.580 GC heap before
{Heap before GC invocations=58 (full 0):
 garbage-first heap   total 251904K, used 214215K [0x0000000080000000, 0x0000000100000000)
  region size 1024K, 29 young (29696K), 1 survivors (1024K)
 Metaspace       used 127756K, capacity 131826K, committed 131964K, reserved 1163264K
  class space    used 15909K, capacity 17294K, committed 17356K, reserved 1048576K
}
Event: 930.588 GC heap after
{Heap after GC invocations=59 (full 0):
 garbage-first heap   total 251904K, used 190044K [0x0000000080000000, 0x0000000100000000)
  region size 1024K, 4 young (4096K), 4 survivors (4096K)
 Metaspace       used 127756K, capacity 131826K, committed 131964K, reserved 1163264K
  class space    used 15909K, capacity 17294K, committed 17356K, reserved 1048576K
}
Event: 930.771 GC heap before
{Heap before GC invocations=59 (full 0):
 garbage-first heap   total 251904K, used 198236K [0x0000000080000000, 0x0000000100000000)
  region size 1024K, 12 young (12288K), 4 survivors (4096K)
 Metaspace       used 129466K, capacity 133555K, committed 133756K, reserved 1165312K
  class space    used 16098K, capacity 17524K, committed 17612K, reserved 1048576K
}
Event: 930.777 GC heap after
{Heap after GC invocations=60 (full 0):
 garbage-first heap   total 251904K, used 190399K [0x0000000080000000, 0x0000000100000000)
  region size 1024K, 2 young (2048K), 2 survivors (2048K)
 Metaspace       used 129466K, capacity 133555K, committed 133756K, reserved 1165312K
  class space    used 16098K, capacity 17524K, committed 17612K, reserved 1048576K
}
Event: 953.563 GC heap before
{Heap before GC invocations=60 (full 0):
 garbage-first heap   total 251904K, used 214975K [0x0000000080000000, 0x0000000100000000)
  region size 1024K, 26 young (26624K), 2 survivors (2048K)
 Metaspace       used 132740K, capacity 136824K, committed 136956K, reserved 1169408K
  class space    used 16549K, capacity 17952K, committed 17996K, reserved 1048576K
}
Event: 953.568 GC heap after
{Heap after GC invocations=61 (full 0):
 garbage-first heap   total 251904K, used 191875K [0x0000000080000000, 0x0000000100000000)
  region size 1024K, 3 young (3072K), 3 survivors (3072K)
 Metaspace       used 132740K, capacity 136824K, committed 136956K, reserved 1169408K
  class space    used 16549K, capacity 17952K, committed 17996K, reserved 1048576K
}
Event: 962.868 GC heap before
{Heap before GC invocations=62 (full 0):
 garbage-first heap   total 251904K, used 215427K [0x0000000080000000, 0x0000000100000000)
  region size 1024K, 27 young (27648K), 3 survivors (3072K)
 Metaspace       used 133902K, capacity 138051K, committed 138108K, reserved 1169408K
  class space    used 16666K, capacity 18098K, committed 18124K, reserved 1048576K
}
Event: 962.873 GC heap after
{Heap after GC invocations=63 (full 0):
 garbage-first heap   total 251904K, used 195138K [0x0000000080000000, 0x0000000100000000)
  region size 1024K, 4 young (4096K), 4 survivors (4096K)
 Metaspace       used 133902K, capacity 138051K, committed 138108K, reserved 1169408K
  class space    used 16666K, capacity 18098K, committed 18124K, reserved 1048576K
}
Event: 963.093 GC heap before
{Heap before GC invocations=63 (full 0):
 garbage-first heap   total 251904K, used 202306K [0x0000000080000000, 0x0000000100000000)
  region size 1024K, 12 young (12288K), 4 survivors (4096K)
 Metaspace       used 134168K, capacity 138385K, committed 138492K, reserved 1169408K
  class space    used 16709K, capacity 18208K, committed 18252K, reserved 1048576K
}
Event: 963.099 GC heap after
{Heap after GC invocations=64 (full 0):
 garbage-first heap   total 251904K, used 196271K [0x0000000080000000, 0x0000000100000000)
  region size 1024K, 2 young (2048K), 2 survivors (2048K)
 Metaspace       used 134168K, capacity 138385K, committed 138492K, reserved 1169408K
  class space    used 16709K, capacity 18208K, committed 18252K, reserved 1048576K
}
Event: 963.332 GC heap before
{Heap before GC invocations=64 (full 0):
 garbage-first heap   total 251904K, used 214703K [0x0000000080000000, 0x0000000100000000)
  region size 1024K, 21 young (21504K), 2 survivors (2048K)
 Metaspace       used 134209K, capacity 138386K, committed 138492K, reserved 1169408K
  class space    used 16709K, capacity 18208K, committed 18252K, reserved 1048576K
}
Event: 963.336 GC heap after
{Heap after GC invocations=65 (full 0):
 garbage-first heap   total 251904K, used 197668K [0x0000000080000000, 0x0000000100000000)
  region size 1024K, 3 young (3072K), 3 survivors (3072K)
 Metaspace       used 134209K, capacity 138386K, committed 138492K, reserved 1169408K
  class space    used 16709K, capacity 18208K, committed 18252K, reserved 1048576K
}
Event: 963.476 GC heap before
{Heap before GC invocations=65 (full 0):
 garbage-first heap   total 251904K, used 216100K [0x0000000080000000, 0x0000000100000000)
  region size 1024K, 22 young (22528K), 3 survivors (3072K)
 Metaspace       used 134318K, capacity 138541K, committed 138748K, reserved 1169408K
  class space    used 16720K, capacity 18214K, committed 18252K, reserved 1048576K
}
Event: 963.481 GC heap after
{Heap after GC invocations=66 (full 0):
 garbage-first heap   total 251904K, used 198500K [0x0000000080000000, 0x0000000100000000)
  region size 1024K, 1 young (1024K), 1 survivors (1024K)
 Metaspace       used 134318K, capacity 138541K, committed 138748K, reserved 1169408K
  class space    used 16720K, capacity 18214K, committed 18252K, reserved 1048576K
}
Event: 963.906 GC heap before
{Heap before GC invocations=67 (full 0):
 garbage-first heap   total 251904K, used 216931K [0x0000000080000000, 0x0000000100000000)
  region size 1024K, 20 young (20480K), 1 survivors (1024K)
 Metaspace       used 134959K, capacity 139179K, committed 139388K, reserved 1171456K
  class space    used 16797K, capacity 18277K, committed 18380K, reserved 1048576K
}
Event: 963.911 GC heap after
{Heap after GC invocations=68 (full 0):
 garbage-first heap   total 251904K, used 199739K [0x0000000080000000, 0x0000000100000000)
  region size 1024K, 3 young (3072K), 3 survivors (3072K)
 Metaspace       used 134959K, capacity 139179K, committed 139388K, reserved 1171456K
  class space    used 16797K, capacity 18277K, committed 18380K, reserved 1048576K
}
Event: 964.124 GC heap before
{Heap before GC invocations=68 (full 0):
 garbage-first heap   total 251904K, used 207931K [0x0000000080000000, 0x0000000100000000)
  region size 1024K, 12 young (12288K), 3 survivors (3072K)
 Metaspace       used 135028K, capacity 139247K, committed 139388K, reserved 1171456K
  class space    used 16797K, capacity 18277K, committed 18380K, reserved 1048576K
}
Event: 964.130 GC heap after
{Heap after GC invocations=69 (full 0):
 garbage-first heap   total 251904K, used 199597K [0x0000000080000000, 0x0000000100000000)
  region size 1024K, 1 young (1024K), 1 survivors (1024K)
 Metaspace       used 135028K, capacity 139247K, committed 139388K, reserved 1171456K
  class space    used 16797K, capacity 18277K, committed 18380K, reserved 1048576K
}

